2025-09-09 14:55:48,772 - cammer_logger - INFO - Running CAMmer
2025-09-09 14:55:48,773 - cammer_logger - INFO - ['-l', 'F.Cu,In1.Cu,In2.Cu,B.Cu,F.Paste,B.Paste,F.Silkscreen,B.Silkscreen,F.Mask,B.Mask', '-e', 'Edge.Cuts,User.Comments']
2025-09-09 14:55:48,773 - cammer_logger - INFO - CAMMER START: 2025-09-09T14:55:48.773774
2025-09-09 14:55:52,324 - cammer_logger - INFO - 
START: 2025-09-09T14:55:48.773774
Board saved by user.
Zones filled by CAMmer.
Renaming C:\Users\nathan.seidle\Dropbox\Projects\SparkFun_Qwiic_Fingerprint_Sensor_FPC2534\Hardware\Production\SparkFun_Qwiic_Fingerprint_Sensor_FPC2534_panelized-F_Cu.gbr to C:\Users\nathan.seidle\Dropbox\Projects\SparkFun_Qwiic_Fingerprint_Sensor_FPC2534\Hardware\Production\SparkFun_Qwiic_Fingerprint_Sensor_FPC2534_panelized.GTL
Renaming C:\Users\nathan.seidle\Dropbox\Projects\SparkFun_Qwiic_Fingerprint_Sensor_FPC2534\Hardware\Production\SparkFun_Qwiic_Fingerprint_Sensor_FPC2534_panelized-In1_Cu.gbr to C:\Users\nathan.seidle\Dropbox\Projects\SparkFun_Qwiic_Fingerprint_Sensor_FPC2534\Hardware\Production\SparkFun_Qwiic_Fingerprint_Sensor_FPC2534_panelized.GL2
Renaming C:\Users\nathan.seidle\Dropbox\Projects\SparkFun_Qwiic_Fingerprint_Sensor_FPC2534\Hardware\Production\SparkFun_Qwiic_Fingerprint_Sensor_FPC2534_panelized-In2_Cu.gbr to C:\Users\nathan.seidle\Dropbox\Projects\SparkFun_Qwiic_Fingerprint_Sensor_FPC2534\Hardware\Production\SparkFun_Qwiic_Fingerprint_Sensor_FPC2534_panelized.GL3
Renaming C:\Users\nathan.seidle\Dropbox\Projects\SparkFun_Qwiic_Fingerprint_Sensor_FPC2534\Hardware\Production\SparkFun_Qwiic_Fingerprint_Sensor_FPC2534_panelized-B_Cu.gbr to C:\Users\nathan.seidle\Dropbox\Projects\SparkFun_Qwiic_Fingerprint_Sensor_FPC2534\Hardware\Production\SparkFun_Qwiic_Fingerprint_Sensor_FPC2534_panelized.GBL
Renaming C:\Users\nathan.seidle\Dropbox\Projects\SparkFun_Qwiic_Fingerprint_Sensor_FPC2534\Hardware\Production\SparkFun_Qwiic_Fingerprint_Sensor_FPC2534_panelized-F_Paste.gbr to C:\Users\nathan.seidle\Dropbox\Projects\SparkFun_Qwiic_Fingerprint_Sensor_FPC2534\Hardware\Production\SparkFun_Qwiic_Fingerprint_Sensor_FPC2534_panelized.GTP
Renaming C:\Users\nathan.seidle\Dropbox\Projects\SparkFun_Qwiic_Fingerprint_Sensor_FPC2534\Hardware\Production\SparkFun_Qwiic_Fingerprint_Sensor_FPC2534_panelized-B_Paste.gbr to C:\Users\nathan.seidle\Dropbox\Projects\SparkFun_Qwiic_Fingerprint_Sensor_FPC2534\Hardware\Production\SparkFun_Qwiic_Fingerprint_Sensor_FPC2534_panelized.GBP
Renaming C:\Users\nathan.seidle\Dropbox\Projects\SparkFun_Qwiic_Fingerprint_Sensor_FPC2534\Hardware\Production\SparkFun_Qwiic_Fingerprint_Sensor_FPC2534_panelized-F_Silkscreen.gbr to C:\Users\nathan.seidle\Dropbox\Projects\SparkFun_Qwiic_Fingerprint_Sensor_FPC2534\Hardware\Production\SparkFun_Qwiic_Fingerprint_Sensor_FPC2534_panelized.GTO
Renaming C:\Users\nathan.seidle\Dropbox\Projects\SparkFun_Qwiic_Fingerprint_Sensor_FPC2534\Hardware\Production\SparkFun_Qwiic_Fingerprint_Sensor_FPC2534_panelized-B_Silkscreen.gbr to C:\Users\nathan.seidle\Dropbox\Projects\SparkFun_Qwiic_Fingerprint_Sensor_FPC2534\Hardware\Production\SparkFun_Qwiic_Fingerprint_Sensor_FPC2534_panelized.GBO
Renaming C:\Users\nathan.seidle\Dropbox\Projects\SparkFun_Qwiic_Fingerprint_Sensor_FPC2534\Hardware\Production\SparkFun_Qwiic_Fingerprint_Sensor_FPC2534_panelized-F_Mask.gbr to C:\Users\nathan.seidle\Dropbox\Projects\SparkFun_Qwiic_Fingerprint_Sensor_FPC2534\Hardware\Production\SparkFun_Qwiic_Fingerprint_Sensor_FPC2534_panelized.GTS
Renaming C:\Users\nathan.seidle\Dropbox\Projects\SparkFun_Qwiic_Fingerprint_Sensor_FPC2534\Hardware\Production\SparkFun_Qwiic_Fingerprint_Sensor_FPC2534_panelized-B_Mask.gbr to C:\Users\nathan.seidle\Dropbox\Projects\SparkFun_Qwiic_Fingerprint_Sensor_FPC2534\Hardware\Production\SparkFun_Qwiic_Fingerprint_Sensor_FPC2534_panelized.GBS
Renaming C:\Users\nathan.seidle\Dropbox\Projects\SparkFun_Qwiic_Fingerprint_Sensor_FPC2534\Hardware\Production\SparkFun_Qwiic_Fingerprint_Sensor_FPC2534_panelized-Edge_Cuts.gbr to C:\Users\nathan.seidle\Dropbox\Projects\SparkFun_Qwiic_Fingerprint_Sensor_FPC2534\Hardware\Production\SparkFun_Qwiic_Fingerprint_Sensor_FPC2534_panelized.GKO
Drill report: C:\Users\nathan.seidle\Dropbox\Projects\SparkFun_Qwiic_Fingerprint_Sensor_FPC2534\Hardware\Production\drill_report.rpt

2025-09-09 14:55:53,650 - cammer_logger - INFO - CAMmer complete
